{
  "stats": {
    "suites": 1,
    "tests": 6,
    "passes": 5,
    "pending": 0,
    "failures": 1,
    "start": "2024-11-24T02:19:17.740Z",
    "end": "2024-11-24T02:19:29.914Z",
    "duration": 12174,
    "testsRegistered": 6,
    "passPercent": 83.33333333333334,
    "pendingPercent": 0,
    "other": 0,
    "hasOther": false,
    "skipped": 0,
    "hasSkipped": false
  },
  "results": [
    {
      "uuid": "3b6d1a4c-5274-4bb3-a9d0-20a4237d4dd5",
      "title": "",
      "fullFile": "cypress\\e2e\\pesquisa.cy.js",
      "file": "cypress\\e2e\\pesquisa.cy.js",
      "beforeHooks": [],
      "afterHooks": [],
      "tests": [],
      "suites": [
        {
          "uuid": "006c72ec-f8d4-4b97-b73c-fe1cb1d0c58a",
          "title": "Página de Pesquisas",
          "fullFile": "",
          "file": "",
          "beforeHooks": [],
          "afterHooks": [],
          "tests": [
            {
              "title": "Somente Editores podem criar pesquisa",
              "fullTitle": "Página de Pesquisas Somente Editores podem criar pesquisa",
              "timedOut": null,
              "duration": 1118,
              "state": "passed",
              "speed": "fast",
              "pass": true,
              "fail": false,
              "pending": false,
              "context": null,
              "code": "// Realiza o login como editor\nloginUser(\"editor@teste.com\", \"senha123\");\ncy.get('.navbar > :nth-child(1) > .btn').click();\ncy.visit(\"http://localhost:4173/polls/\");\n// Verifica que o botão \"Nova Pesquisa\" está visível\ncy.contains(\"Nova Pesquisa\").should(\"exist\");",
              "err": {},
              "uuid": "c75277a5-ac3b-48d7-93f3-ff71a356ef08",
              "parentUUID": "006c72ec-f8d4-4b97-b73c-fe1cb1d0c58a",
              "isHook": false,
              "skipped": false
            },
            {
              "title": "Não deve exibir o botão 'Nova Pesquisa' para viewers",
              "fullTitle": "Página de Pesquisas Não deve exibir o botão 'Nova Pesquisa' para viewers",
              "timedOut": null,
              "duration": 955,
              "state": "passed",
              "speed": "fast",
              "pass": true,
              "fail": false,
              "pending": false,
              "context": null,
              "code": "// Realiza o login como viewer\nloginUser(\"viewer@teste.com\", \"senha123\");\ncy.get('.navbar > :nth-child(1) > .btn').click();\ncy.visit(\"http://localhost:4173/polls/\");\n// Verifica que o botão \"Nova Pesquisa\" não está visível\ncy.contains(\"Nova Pesquisa\").should(\"not.exist\");\ncy.visit(\"http://localhost:4173/\");\n// Verifica que a mensagem de restrição aparece\ncy.contains(\"Você não tem permissão para criar pesquisas.\").should(\"exist\");",
              "err": {},
              "uuid": "34f818dd-a157-489e-b353-cc3986d5d994",
              "parentUUID": "006c72ec-f8d4-4b97-b73c-fe1cb1d0c58a",
              "isHook": false,
              "skipped": false
            },
            {
              "title": "Viewer deve ser capaz de ver a Pesquisa da qual ele está participando",
              "fullTitle": "Página de Pesquisas Viewer deve ser capaz de ver a Pesquisa da qual ele está participando",
              "timedOut": null,
              "duration": 5057,
              "state": "failed",
              "speed": null,
              "pass": false,
              "fail": true,
              "pending": false,
              "context": null,
              "code": "// Realiza o login como viewer\nloginUser(\"viewer@teste.com\", \"senha123\");\ncy.get('.navbar > :nth-child(1) > .btn').click();\ncy.visit(\"http://localhost:4173/polls/\");\n// Verifica que o botão \"Nova Pesquisa\" não está visível\ncy.contains(\"Pesquisa Teste\").should(\"exist\");\ncy.get('.text-right > .btn').click();",
              "err": {
                "message": "AssertionError: Timed out retrying after 4000ms: Expected to find content: 'Pesquisa Teste' but never did.",
                "estack": "AssertionError: Timed out retrying after 4000ms: Expected to find content: 'Pesquisa Teste' but never did.\n    at Context.eval (webpack:///./cypress/e2e/pesquisa.cy.js:51:34)",
                "diff": null
              },
              "uuid": "a4a342ec-7357-4e06-9ea8-3151ec17158e",
              "parentUUID": "006c72ec-f8d4-4b97-b73c-fe1cb1d0c58a",
              "isHook": false,
              "skipped": false
            },
            {
              "title": "Viewer NÃO deve ser capaz de ver a Pesquisa da qual ele NÃO está participando",
              "fullTitle": "Página de Pesquisas Viewer NÃO deve ser capaz de ver a Pesquisa da qual ele NÃO está participando",
              "timedOut": null,
              "duration": 926,
              "state": "passed",
              "speed": "fast",
              "pass": true,
              "fail": false,
              "pending": false,
              "context": null,
              "code": "// Realiza o login como viewer\nloginUser(\"viewer@teste.com\", \"senha123\");\ncy.get('.navbar > :nth-child(1) > .btn').click();\ncy.visit(\"http://localhost:4173/polls/\");\n// Verifica que o botão \"Nova Pesquisa\" não está visível\ncy.contains(\"Pesquisa Teste 2\").should(\"not.exist\");",
              "err": {},
              "uuid": "105b8b44-5b3f-4d97-aff9-555ca9948dea",
              "parentUUID": "006c72ec-f8d4-4b97-b73c-fe1cb1d0c58a",
              "isHook": false,
              "skipped": false
            },
            {
              "title": "Editores devem ser capazes de criar pesquisa",
              "fullTitle": "Página de Pesquisas Editores devem ser capazes de criar pesquisa",
              "timedOut": null,
              "duration": 1782,
              "state": "passed",
              "speed": "fast",
              "pass": true,
              "fail": false,
              "pending": false,
              "context": null,
              "code": "// Realiza o login como editor\nloginUser(\"editor@teste.com\", \"senha123\");\ncy.get('.navbar > :nth-child(1) > .btn').click();\ncy.visit(\"http://localhost:4173/polls/\");\n// Verifica que o botão \"Nova Pesquisa\" está visível\ncy.contains(\"Nova Pesquisa\").should(\"exist\");\ncy.get('.flex > .btn').click();\ncy.get('input[name=\"name\"]').type('PesquisaDoEditor');\ncy.get('.ql-editor').type('PesquisaDoEditor');\ncy.get('.btn-primary').click();",
              "err": {},
              "uuid": "bcb05b89-79a9-401f-8c5d-ea6bb2378109",
              "parentUUID": "006c72ec-f8d4-4b97-b73c-fe1cb1d0c58a",
              "isHook": false,
              "skipped": false
            },
            {
              "title": "Editores devem ser capazes de editar Pesquisas",
              "fullTitle": "Página de Pesquisas Editores devem ser capazes de editar Pesquisas",
              "timedOut": null,
              "duration": 2194,
              "state": "passed",
              "speed": "fast",
              "pass": true,
              "fail": false,
              "pending": false,
              "context": null,
              "code": "// Realiza o login como editor\nloginUser(\"editor@teste.com\", \"senha123\");\ncy.get('.navbar > :nth-child(1) > .btn').click();\ncy.visit(\"http://localhost:4173/polls/\");\ncy.get(':nth-child(1) > .text-right > .btn-primary').click();\ncy.get('.btn-secondary').click();\ncy.get('.mt-24 > .btn').click();\ncy.get('.ql-editor').type('Pergunta');\ncy.get(':nth-child(1) > .input').type('1');\ncy.get(':nth-child(2) > .input').type('1');\ncy.get('.rounded > .flex > .btn').click();\ncy.get('form.flex > :nth-child(1) > .input').type('2');\ncy.get('form.flex > :nth-child(2) > .input').type('2');\ncy.get('form.flex > .btn').click();\ncy.get('.modal-action > .btn').click();",
              "err": {},
              "uuid": "66d3472c-f689-4bdb-b03e-3160e3ec1fed",
              "parentUUID": "006c72ec-f8d4-4b97-b73c-fe1cb1d0c58a",
              "isHook": false,
              "skipped": false
            }
          ],
          "suites": [],
          "passes": [
            "c75277a5-ac3b-48d7-93f3-ff71a356ef08",
            "34f818dd-a157-489e-b353-cc3986d5d994",
            "105b8b44-5b3f-4d97-aff9-555ca9948dea",
            "bcb05b89-79a9-401f-8c5d-ea6bb2378109",
            "66d3472c-f689-4bdb-b03e-3160e3ec1fed"
          ],
          "failures": [
            "a4a342ec-7357-4e06-9ea8-3151ec17158e"
          ],
          "pending": [],
          "skipped": [],
          "duration": 12032,
          "root": false,
          "rootEmpty": false,
          "_timeout": 2000
        }
      ],
      "passes": [],
      "failures": [],
      "pending": [],
      "skipped": [],
      "duration": 0,
      "root": true,
      "rootEmpty": true,
      "_timeout": 2000
    }
  ],
  "meta": {
    "mocha": {
      "version": "7.0.1"
    },
    "mochawesome": {
      "options": {
        "quiet": false,
        "reportFilename": "mochawesome",
        "saveHtml": true,
        "saveJson": true,
        "consoleReporter": "spec",
        "useInlineDiffs": false,
        "code": true
      },
      "version": "7.1.3"
    },
    "marge": {
      "options": {
        "reportDir": "cypress/reports",
        "overwrite": false,
        "html": true,
        "json": true
      },
      "version": "6.2.0"
    }
  }
}