{
  "stats": {
    "suites": 1,
    "tests": 5,
    "passes": 5,
    "pending": 0,
    "failures": 0,
    "start": "2024-11-24T02:24:30.193Z",
    "end": "2024-11-24T02:24:31.425Z",
    "duration": 1232,
    "testsRegistered": 5,
    "passPercent": 100,
    "pendingPercent": 0,
    "other": 0,
    "hasOther": false,
    "skipped": 0,
    "hasSkipped": false
  },
  "results": [
    {
      "uuid": "c130203c-21d3-4f5e-a8fd-b6598d952fda",
      "title": "",
      "fullFile": "cypress\\e2e\\registro.cy.js",
      "file": "cypress\\e2e\\registro.cy.js",
      "beforeHooks": [],
      "afterHooks": [],
      "tests": [],
      "suites": [
        {
          "uuid": "a6d16cf1-8e26-41d2-ae16-255cb422582f",
          "title": "Register Component",
          "fullFile": "",
          "file": "",
          "beforeHooks": [],
          "afterHooks": [],
          "tests": [
            {
              "title": "Renderiza o formulário de registro corretamente",
              "fullTitle": "Register Component Renderiza o formulário de registro corretamente",
              "timedOut": null,
              "duration": 146,
              "state": "passed",
              "speed": "fast",
              "pass": true,
              "fail": false,
              "pending": false,
              "context": null,
              "code": "// Verifica se os campos de email, nome completo e senha estão presentes\ncy.get('input[name=\"email\"]').should('exist');\ncy.get('input[name=\"fullName\"]').should('exist');\ncy.get('input[name=\"password\"]').should('exist');\ncy.get('input[name=\"passwordConfirm\"]').should('exist');\n// Verifica se o botão de \"Confirmar\" está presente\ncy.get('button[type=\"submit\"]').contains('Confirmar').should('exist');",
              "err": {},
              "uuid": "0c644514-5983-4c38-a6ad-1b140fa43106",
              "parentUUID": "a6d16cf1-8e26-41d2-ae16-255cb422582f",
              "isHook": false,
              "skipped": false
            },
            {
              "title": "Exibe erros de validação ao enviar o formulário vazio",
              "fullTitle": "Register Component Exibe erros de validação ao enviar o formulário vazio",
              "timedOut": null,
              "duration": 139,
              "state": "passed",
              "speed": "fast",
              "pass": true,
              "fail": false,
              "pending": false,
              "context": null,
              "code": "// Submete o formulário vazio\ncy.get('button[type=\"submit\"]').click();\n// Verifica as mensagens de erro exibidas para cada campo\ncy.contains('Invalid email').should('be.visible');\ncy.contains('String must contain at least 1 character(s)').should('be.visible');\ncy.contains('Cannot be blank.').should('be.visible');",
              "err": {},
              "uuid": "2652c04b-3e0f-4cf1-a120-e23ac7178355",
              "parentUUID": "a6d16cf1-8e26-41d2-ae16-255cb422582f",
              "isHook": false,
              "skipped": false
            },
            {
              "title": "Exibe erro de email inválido",
              "fullTitle": "Register Component Exibe erro de email inválido",
              "timedOut": null,
              "duration": 416,
              "state": "passed",
              "speed": "fast",
              "pass": true,
              "fail": false,
              "pending": false,
              "context": null,
              "code": "// Insere um email inválido e submete o formulário\ncy.get('input[name=\"email\"]').type('emailinvalido');\ncy.get('button[type=\"submit\"]').click();\n// Verifica a mensagem de erro para o campo de email\ncy.contains('Invalid email').should('be.visible');",
              "err": {},
              "uuid": "f7e52744-be20-412c-bcd1-1d7e463b8cab",
              "parentUUID": "a6d16cf1-8e26-41d2-ae16-255cb422582f",
              "isHook": false,
              "skipped": false
            },
            {
              "title": "Exibe erro de senha curta",
              "fullTitle": "Register Component Exibe erro de senha curta",
              "timedOut": null,
              "duration": 302,
              "state": "passed",
              "speed": "fast",
              "pass": true,
              "fail": false,
              "pending": false,
              "context": null,
              "code": "// Insere uma senha curta e submete o formulário\ncy.get('input[name=\"password\"]').type('123');\ncy.get('button[type=\"submit\"]').click();\n// Verifica a mensagem de erro para o campo de senha\ncy.contains('String must contain at least 1 character(s)').should('be.visible');",
              "err": {},
              "uuid": "0220e5f3-d6bc-4655-9d0f-2d25997ed00d",
              "parentUUID": "a6d16cf1-8e26-41d2-ae16-255cb422582f",
              "isHook": false,
              "skipped": false
            },
            {
              "title": "Navega para a página de login ao clicar no link",
              "fullTitle": "Register Component Navega para a página de login ao clicar no link",
              "timedOut": null,
              "duration": 130,
              "state": "passed",
              "speed": "fast",
              "pass": true,
              "fail": false,
              "pending": false,
              "context": null,
              "code": "// Clica no link para fazer login\ncy.contains('Ja tem uma conta?').find('a').click();\n// Verifica se a URL foi alterada para a página de login\ncy.url().should('include', '/login');",
              "err": {},
              "uuid": "62f6ab01-c2d1-494a-ad22-6a5db182cb07",
              "parentUUID": "a6d16cf1-8e26-41d2-ae16-255cb422582f",
              "isHook": false,
              "skipped": false
            }
          ],
          "suites": [],
          "passes": [
            "0c644514-5983-4c38-a6ad-1b140fa43106",
            "2652c04b-3e0f-4cf1-a120-e23ac7178355",
            "f7e52744-be20-412c-bcd1-1d7e463b8cab",
            "0220e5f3-d6bc-4655-9d0f-2d25997ed00d",
            "62f6ab01-c2d1-494a-ad22-6a5db182cb07"
          ],
          "failures": [],
          "pending": [],
          "skipped": [],
          "duration": 1133,
          "root": false,
          "rootEmpty": false,
          "_timeout": 2000
        }
      ],
      "passes": [],
      "failures": [],
      "pending": [],
      "skipped": [],
      "duration": 0,
      "root": true,
      "rootEmpty": true,
      "_timeout": 2000
    }
  ],
  "meta": {
    "mocha": {
      "version": "7.0.1"
    },
    "mochawesome": {
      "options": {
        "quiet": false,
        "reportFilename": "mochawesome",
        "saveHtml": true,
        "saveJson": true,
        "consoleReporter": "spec",
        "useInlineDiffs": false,
        "code": true
      },
      "version": "7.1.3"
    },
    "marge": {
      "options": {
        "reportDir": "cypress/reports",
        "overwrite": false,
        "html": true,
        "json": true
      },
      "version": "6.2.0"
    }
  }
}