{
  "stats": {
    "suites": 1,
    "tests": 5,
    "passes": 5,
    "pending": 0,
    "failures": 0,
    "start": "2024-11-24T02:19:09.849Z",
    "end": "2024-11-24T02:19:11.803Z",
    "duration": 1954,
    "testsRegistered": 5,
    "passPercent": 100,
    "pendingPercent": 0,
    "other": 0,
    "hasOther": false,
    "skipped": 0,
    "hasSkipped": false
  },
  "results": [
    {
      "uuid": "c12fc164-1801-437f-8860-ab16bbd82a39",
      "title": "",
      "fullFile": "cypress\\e2e\\login.cy.js",
      "file": "cypress\\e2e\\login.cy.js",
      "beforeHooks": [],
      "afterHooks": [],
      "tests": [],
      "suites": [
        {
          "uuid": "822b5d86-e2ae-42ca-945c-e5c90e0460bd",
          "title": "Login Component",
          "fullFile": "",
          "file": "",
          "beforeHooks": [],
          "afterHooks": [],
          "tests": [
            {
              "title": "Renderiza o formulário de login corretamente",
              "fullTitle": "Login Component Renderiza o formulário de login corretamente",
              "timedOut": null,
              "duration": 230,
              "state": "passed",
              "speed": "fast",
              "pass": true,
              "fail": false,
              "pending": false,
              "context": null,
              "code": "// Verifica se os campos de email e senha estão presentes\ncy.get('input[name=\"email\"]').should('exist');\ncy.get('input[name=\"password\"]').should('exist');\n// Verifica se o botão de \"Confirmar\" está presente\ncy.get('button[type=\"submit\"]').contains('Confirmar').should('exist');",
              "err": {},
              "uuid": "95941d2b-242b-40ae-bb2a-91a02bdac86c",
              "parentUUID": "822b5d86-e2ae-42ca-945c-e5c90e0460bd",
              "isHook": false,
              "skipped": false
            },
            {
              "title": "Exibe erros de validação ao enviar o formulário vazio",
              "fullTitle": "Login Component Exibe erros de validação ao enviar o formulário vazio",
              "timedOut": null,
              "duration": 142,
              "state": "passed",
              "speed": "fast",
              "pass": true,
              "fail": false,
              "pending": false,
              "context": null,
              "code": "// Submete o formulário vazio\ncy.get('button[type=\"submit\"]').click();\n// Verifica as mensagens de erro exibidas para os campos\ncy.contains('Invalid email').should('be.visible');\ncy.contains('String must contain at least 1 character(s)').should('be.visible');",
              "err": {},
              "uuid": "b8ec87c6-e4c5-4ec8-9a70-4be56a25e097",
              "parentUUID": "822b5d86-e2ae-42ca-945c-e5c90e0460bd",
              "isHook": false,
              "skipped": false
            },
            {
              "title": "Exibe erro de email inválido",
              "fullTitle": "Login Component Exibe erro de email inválido",
              "timedOut": null,
              "duration": 419,
              "state": "passed",
              "speed": "fast",
              "pass": true,
              "fail": false,
              "pending": false,
              "context": null,
              "code": "// Insere um email inválido e submete o formulário\ncy.get('input[name=\"email\"]').type('emailinvalido');\ncy.get('button[type=\"submit\"]').click();\n// Verifica a mensagem de erro para o campo de email\ncy.contains('Invalid email').should('be.visible');",
              "err": {},
              "uuid": "48ea2cc9-c386-480b-b513-85b814005a25",
              "parentUUID": "822b5d86-e2ae-42ca-945c-e5c90e0460bd",
              "isHook": false,
              "skipped": false
            },
            {
              "title": "Exibe mensagem de erro geral ao falhar no login",
              "fullTitle": "Login Component Exibe mensagem de erro geral ao falhar no login",
              "timedOut": null,
              "duration": 708,
              "state": "passed",
              "speed": "fast",
              "pass": true,
              "fail": false,
              "pending": false,
              "context": null,
              "code": "// Insira um email e senha incorretos\ncy.get('input[name=\"email\"]').type('teste@dominio.com');\ncy.get('input[name=\"password\"]').type('senhaerrada');\n// Intercepta a requisição ao backend e força uma resposta de erro\ncy.intercept('POST', '**/authWithPassword', {\n  statusCode: 401,\n  body: {\n    message: 'Something went wrong while processing your request.'\n  }\n});\n// Submete o formulário\ncy.get('button[type=\"submit\"]').click();",
              "err": {},
              "uuid": "bef0e10f-429c-4dc2-b989-53ae34604bcd",
              "parentUUID": "822b5d86-e2ae-42ca-945c-e5c90e0460bd",
              "isHook": false,
              "skipped": false
            },
            {
              "title": "Navega para a página de registro ao clicar no link",
              "fullTitle": "Login Component Navega para a página de registro ao clicar no link",
              "timedOut": null,
              "duration": 362,
              "state": "passed",
              "speed": "fast",
              "pass": true,
              "fail": false,
              "pending": false,
              "context": null,
              "code": "// Clica no link para criar uma conta\ncy.contains('Nao tem uma conta?').find('a').click();\n// Verifica se a URL foi alterada para a página de registro\ncy.url().should('include', '/register');",
              "err": {},
              "uuid": "6ab9ed76-d8b3-47bc-b93b-f507f7373bbf",
              "parentUUID": "822b5d86-e2ae-42ca-945c-e5c90e0460bd",
              "isHook": false,
              "skipped": false
            }
          ],
          "suites": [],
          "passes": [
            "95941d2b-242b-40ae-bb2a-91a02bdac86c",
            "b8ec87c6-e4c5-4ec8-9a70-4be56a25e097",
            "48ea2cc9-c386-480b-b513-85b814005a25",
            "bef0e10f-429c-4dc2-b989-53ae34604bcd",
            "6ab9ed76-d8b3-47bc-b93b-f507f7373bbf"
          ],
          "failures": [],
          "pending": [],
          "skipped": [],
          "duration": 1861,
          "root": false,
          "rootEmpty": false,
          "_timeout": 2000
        }
      ],
      "passes": [],
      "failures": [],
      "pending": [],
      "skipped": [],
      "duration": 0,
      "root": true,
      "rootEmpty": true,
      "_timeout": 2000
    }
  ],
  "meta": {
    "mocha": {
      "version": "7.0.1"
    },
    "mochawesome": {
      "options": {
        "quiet": false,
        "reportFilename": "mochawesome",
        "saveHtml": true,
        "saveJson": true,
        "consoleReporter": "spec",
        "useInlineDiffs": false,
        "code": true
      },
      "version": "7.1.3"
    },
    "marge": {
      "options": {
        "reportDir": "cypress/reports",
        "overwrite": false,
        "html": true,
        "json": true
      },
      "version": "6.2.0"
    }
  }
}