{
  "stats": {
    "suites": 1,
    "tests": 5,
    "passes": 5,
    "pending": 0,
    "failures": 0,
    "start": "2024-11-24T02:13:02.053Z",
    "end": "2024-11-24T02:13:03.337Z",
    "duration": 1284,
    "testsRegistered": 5,
    "passPercent": 100,
    "pendingPercent": 0,
    "other": 0,
    "hasOther": false,
    "skipped": 0,
    "hasSkipped": false
  },
  "results": [
    {
      "uuid": "8abaae6a-329d-4347-ad04-ecd47aeb865b",
      "title": "",
      "fullFile": "cypress\\e2e\\registro.cy.js",
      "file": "cypress\\e2e\\registro.cy.js",
      "beforeHooks": [],
      "afterHooks": [],
      "tests": [],
      "suites": [
        {
          "uuid": "513e200d-8a15-4736-b259-eb738c0a88a6",
          "title": "Register Component",
          "fullFile": "",
          "file": "",
          "beforeHooks": [],
          "afterHooks": [],
          "tests": [
            {
              "title": "Renderiza o formulário de registro corretamente",
              "fullTitle": "Register Component Renderiza o formulário de registro corretamente",
              "timedOut": null,
              "duration": 135,
              "state": "passed",
              "speed": "fast",
              "pass": true,
              "fail": false,
              "pending": false,
              "context": null,
              "code": "// Verifica se os campos de email, nome completo e senha estão presentes\ncy.get('input[name=\"email\"]').should('exist');\ncy.get('input[name=\"fullName\"]').should('exist');\ncy.get('input[name=\"password\"]').should('exist');\ncy.get('input[name=\"passwordConfirm\"]').should('exist');\n// Verifica se o botão de \"Confirmar\" está presente\ncy.get('button[type=\"submit\"]').contains('Confirmar').should('exist');",
              "err": {},
              "uuid": "41864da1-b781-41ae-9105-519f614bbeea",
              "parentUUID": "513e200d-8a15-4736-b259-eb738c0a88a6",
              "isHook": false,
              "skipped": false
            },
            {
              "title": "Exibe erros de validação ao enviar o formulário vazio",
              "fullTitle": "Register Component Exibe erros de validação ao enviar o formulário vazio",
              "timedOut": null,
              "duration": 180,
              "state": "passed",
              "speed": "fast",
              "pass": true,
              "fail": false,
              "pending": false,
              "context": null,
              "code": "// Submete o formulário vazio\ncy.get('button[type=\"submit\"]').click();\n// Verifica as mensagens de erro exibidas para cada campo\ncy.contains('Invalid email').should('be.visible');\ncy.contains('String must contain at least 1 character(s)').should('be.visible');\ncy.contains('Cannot be blank.').should('be.visible');",
              "err": {},
              "uuid": "c916162d-2b9a-4874-a713-9f55f8435527",
              "parentUUID": "513e200d-8a15-4736-b259-eb738c0a88a6",
              "isHook": false,
              "skipped": false
            },
            {
              "title": "Exibe erro de email inválido",
              "fullTitle": "Register Component Exibe erro de email inválido",
              "timedOut": null,
              "duration": 439,
              "state": "passed",
              "speed": "fast",
              "pass": true,
              "fail": false,
              "pending": false,
              "context": null,
              "code": "// Insere um email inválido e submete o formulário\ncy.get('input[name=\"email\"]').type('emailinvalido');\ncy.get('button[type=\"submit\"]').click();\n// Verifica a mensagem de erro para o campo de email\ncy.contains('Invalid email').should('be.visible');",
              "err": {},
              "uuid": "e4287fec-0093-4dd5-9959-284f3f7ae9c6",
              "parentUUID": "513e200d-8a15-4736-b259-eb738c0a88a6",
              "isHook": false,
              "skipped": false
            },
            {
              "title": "Exibe erro de senha curta",
              "fullTitle": "Register Component Exibe erro de senha curta",
              "timedOut": null,
              "duration": 304,
              "state": "passed",
              "speed": "fast",
              "pass": true,
              "fail": false,
              "pending": false,
              "context": null,
              "code": "// Insere uma senha curta e submete o formulário\ncy.get('input[name=\"password\"]').type('123');\ncy.get('button[type=\"submit\"]').click();\n// Verifica a mensagem de erro para o campo de senha\ncy.contains('String must contain at least 1 character(s)').should('be.visible');",
              "err": {},
              "uuid": "5e960068-54e7-48f6-9410-4a5bcff60b3b",
              "parentUUID": "513e200d-8a15-4736-b259-eb738c0a88a6",
              "isHook": false,
              "skipped": false
            },
            {
              "title": "Navega para a página de login ao clicar no link",
              "fullTitle": "Register Component Navega para a página de login ao clicar no link",
              "timedOut": null,
              "duration": 123,
              "state": "passed",
              "speed": "fast",
              "pass": true,
              "fail": false,
              "pending": false,
              "context": null,
              "code": "// Clica no link para fazer login\ncy.contains('Ja tem uma conta?').find('a').click();\n// Verifica se a URL foi alterada para a página de login\ncy.url().should('include', '/login');",
              "err": {},
              "uuid": "463d13c2-c35d-4b12-b963-19c87ea6c781",
              "parentUUID": "513e200d-8a15-4736-b259-eb738c0a88a6",
              "isHook": false,
              "skipped": false
            }
          ],
          "suites": [],
          "passes": [
            "41864da1-b781-41ae-9105-519f614bbeea",
            "c916162d-2b9a-4874-a713-9f55f8435527",
            "e4287fec-0093-4dd5-9959-284f3f7ae9c6",
            "5e960068-54e7-48f6-9410-4a5bcff60b3b",
            "463d13c2-c35d-4b12-b963-19c87ea6c781"
          ],
          "failures": [],
          "pending": [],
          "skipped": [],
          "duration": 1181,
          "root": false,
          "rootEmpty": false,
          "_timeout": 2000
        }
      ],
      "passes": [],
      "failures": [],
      "pending": [],
      "skipped": [],
      "duration": 0,
      "root": true,
      "rootEmpty": true,
      "_timeout": 2000
    }
  ],
  "meta": {
    "mocha": {
      "version": "7.0.1"
    },
    "mochawesome": {
      "options": {
        "quiet": false,
        "reportFilename": "mochawesome",
        "saveHtml": true,
        "saveJson": true,
        "consoleReporter": "spec",
        "useInlineDiffs": false,
        "code": true
      },
      "version": "7.1.3"
    },
    "marge": {
      "options": {
        "reportDir": "cypress/reports",
        "overwrite": false,
        "html": true,
        "json": true
      },
      "version": "6.2.0"
    }
  }
}