{
  "stats": {
    "suites": 1,
    "tests": 5,
    "passes": 5,
    "pending": 0,
    "failures": 0,
    "start": "2024-11-24T02:12:44.650Z",
    "end": "2024-11-24T02:12:46.723Z",
    "duration": 2073,
    "testsRegistered": 5,
    "passPercent": 100,
    "pendingPercent": 0,
    "other": 0,
    "hasOther": false,
    "skipped": 0,
    "hasSkipped": false
  },
  "results": [
    {
      "uuid": "217b9596-929f-4821-a3f5-b35071a8164f",
      "title": "",
      "fullFile": "cypress\\e2e\\login.cy.js",
      "file": "cypress\\e2e\\login.cy.js",
      "beforeHooks": [],
      "afterHooks": [],
      "tests": [],
      "suites": [
        {
          "uuid": "f0d0489d-8970-453f-9ed8-764663293aa0",
          "title": "Login Component",
          "fullFile": "",
          "file": "",
          "beforeHooks": [],
          "afterHooks": [],
          "tests": [
            {
              "title": "Renderiza o formulário de login corretamente",
              "fullTitle": "Login Component Renderiza o formulário de login corretamente",
              "timedOut": null,
              "duration": 212,
              "state": "passed",
              "speed": "fast",
              "pass": true,
              "fail": false,
              "pending": false,
              "context": null,
              "code": "// Verifica se os campos de email e senha estão presentes\ncy.get('input[name=\"email\"]').should('exist');\ncy.get('input[name=\"password\"]').should('exist');\n// Verifica se o botão de \"Confirmar\" está presente\ncy.get('button[type=\"submit\"]').contains('Confirmar').should('exist');",
              "err": {},
              "uuid": "6db66741-90b2-4da4-9cde-ef2cde730514",
              "parentUUID": "f0d0489d-8970-453f-9ed8-764663293aa0",
              "isHook": false,
              "skipped": false
            },
            {
              "title": "Exibe erros de validação ao enviar o formulário vazio",
              "fullTitle": "Login Component Exibe erros de validação ao enviar o formulário vazio",
              "timedOut": null,
              "duration": 155,
              "state": "passed",
              "speed": "fast",
              "pass": true,
              "fail": false,
              "pending": false,
              "context": null,
              "code": "// Submete o formulário vazio\ncy.get('button[type=\"submit\"]').click();\n// Verifica as mensagens de erro exibidas para os campos\ncy.contains('Invalid email').should('be.visible');\ncy.contains('String must contain at least 1 character(s)').should('be.visible');",
              "err": {},
              "uuid": "9003dbed-b793-4b36-b728-0275b3d29285",
              "parentUUID": "f0d0489d-8970-453f-9ed8-764663293aa0",
              "isHook": false,
              "skipped": false
            },
            {
              "title": "Exibe erro de email inválido",
              "fullTitle": "Login Component Exibe erro de email inválido",
              "timedOut": null,
              "duration": 747,
              "state": "passed",
              "speed": "fast",
              "pass": true,
              "fail": false,
              "pending": false,
              "context": null,
              "code": "// Insere um email inválido e submete o formulário\ncy.get('input[name=\"email\"]').type('emailinvalido');\ncy.get('button[type=\"submit\"]').click();\n// Verifica a mensagem de erro para o campo de email\ncy.contains('Invalid email').should('be.visible');",
              "err": {},
              "uuid": "83beaf73-abd9-42cc-99dc-49fc50ba5a7f",
              "parentUUID": "f0d0489d-8970-453f-9ed8-764663293aa0",
              "isHook": false,
              "skipped": false
            },
            {
              "title": "Exibe mensagem de erro geral ao falhar no login",
              "fullTitle": "Login Component Exibe mensagem de erro geral ao falhar no login",
              "timedOut": null,
              "duration": 742,
              "state": "passed",
              "speed": "fast",
              "pass": true,
              "fail": false,
              "pending": false,
              "context": null,
              "code": "// Insira um email e senha incorretos\ncy.get('input[name=\"email\"]').type('teste@dominio.com');\ncy.get('input[name=\"password\"]').type('senhaerrada');\n// Intercepta a requisição ao backend e força uma resposta de erro\ncy.intercept('POST', '**/authWithPassword', {\n  statusCode: 401,\n  body: {\n    message: 'Something went wrong while processing your request.'\n  }\n});\n// Submete o formulário\ncy.get('button[type=\"submit\"]').click();",
              "err": {},
              "uuid": "2b8e8087-f498-4390-bf15-83581539c9b2",
              "parentUUID": "f0d0489d-8970-453f-9ed8-764663293aa0",
              "isHook": false,
              "skipped": false
            },
            {
              "title": "Navega para a página de registro ao clicar no link",
              "fullTitle": "Login Component Navega para a página de registro ao clicar no link",
              "timedOut": null,
              "duration": 130,
              "state": "passed",
              "speed": "fast",
              "pass": true,
              "fail": false,
              "pending": false,
              "context": null,
              "code": "// Clica no link para criar uma conta\ncy.contains('Nao tem uma conta?').find('a').click();\n// Verifica se a URL foi alterada para a página de registro\ncy.url().should('include', '/register');",
              "err": {},
              "uuid": "0d733f80-8e72-4083-865f-aa684a17e4e7",
              "parentUUID": "f0d0489d-8970-453f-9ed8-764663293aa0",
              "isHook": false,
              "skipped": false
            }
          ],
          "suites": [],
          "passes": [
            "6db66741-90b2-4da4-9cde-ef2cde730514",
            "9003dbed-b793-4b36-b728-0275b3d29285",
            "83beaf73-abd9-42cc-99dc-49fc50ba5a7f",
            "2b8e8087-f498-4390-bf15-83581539c9b2",
            "0d733f80-8e72-4083-865f-aa684a17e4e7"
          ],
          "failures": [],
          "pending": [],
          "skipped": [],
          "duration": 1986,
          "root": false,
          "rootEmpty": false,
          "_timeout": 2000
        }
      ],
      "passes": [],
      "failures": [],
      "pending": [],
      "skipped": [],
      "duration": 0,
      "root": true,
      "rootEmpty": true,
      "_timeout": 2000
    }
  ],
  "meta": {
    "mocha": {
      "version": "7.0.1"
    },
    "mochawesome": {
      "options": {
        "quiet": false,
        "reportFilename": "mochawesome",
        "saveHtml": true,
        "saveJson": true,
        "consoleReporter": "spec",
        "useInlineDiffs": false,
        "code": true
      },
      "version": "7.1.3"
    },
    "marge": {
      "options": {
        "reportDir": "cypress/reports",
        "overwrite": false,
        "html": true,
        "json": true
      },
      "version": "6.2.0"
    }
  }
}