{
  "stats": {
    "suites": 1,
    "tests": 5,
    "passes": 5,
    "pending": 0,
    "failures": 0,
    "start": "2024-11-24T02:24:12.627Z",
    "end": "2024-11-24T02:24:14.591Z",
    "duration": 1964,
    "testsRegistered": 5,
    "passPercent": 100,
    "pendingPercent": 0,
    "other": 0,
    "hasOther": false,
    "skipped": 0,
    "hasSkipped": false
  },
  "results": [
    {
      "uuid": "89400412-f6e5-4fdd-9fcd-7abdafe22455",
      "title": "",
      "fullFile": "cypress\\e2e\\login.cy.js",
      "file": "cypress\\e2e\\login.cy.js",
      "beforeHooks": [],
      "afterHooks": [],
      "tests": [],
      "suites": [
        {
          "uuid": "c49e3c58-6632-419d-863b-8b45c809aa8c",
          "title": "Login Component",
          "fullFile": "",
          "file": "",
          "beforeHooks": [],
          "afterHooks": [],
          "tests": [
            {
              "title": "Renderiza o formulário de login corretamente",
              "fullTitle": "Login Component Renderiza o formulário de login corretamente",
              "timedOut": null,
              "duration": 168,
              "state": "passed",
              "speed": "fast",
              "pass": true,
              "fail": false,
              "pending": false,
              "context": null,
              "code": "// Verifica se os campos de email e senha estão presentes\ncy.get('input[name=\"email\"]').should('exist');\ncy.get('input[name=\"password\"]').should('exist');\n// Verifica se o botão de \"Confirmar\" está presente\ncy.get('button[type=\"submit\"]').contains('Confirmar').should('exist');",
              "err": {},
              "uuid": "55a77938-5a0c-499e-a0b2-bd38d55ff2d5",
              "parentUUID": "c49e3c58-6632-419d-863b-8b45c809aa8c",
              "isHook": false,
              "skipped": false
            },
            {
              "title": "Exibe erros de validação ao enviar o formulário vazio",
              "fullTitle": "Login Component Exibe erros de validação ao enviar o formulário vazio",
              "timedOut": null,
              "duration": 147,
              "state": "passed",
              "speed": "fast",
              "pass": true,
              "fail": false,
              "pending": false,
              "context": null,
              "code": "// Submete o formulário vazio\ncy.get('button[type=\"submit\"]').click();\n// Verifica as mensagens de erro exibidas para os campos\ncy.contains('Invalid email').should('be.visible');\ncy.contains('String must contain at least 1 character(s)').should('be.visible');",
              "err": {},
              "uuid": "37f35670-d352-43b3-b0a7-8c14549eb0de",
              "parentUUID": "c49e3c58-6632-419d-863b-8b45c809aa8c",
              "isHook": false,
              "skipped": false
            },
            {
              "title": "Exibe erro de email inválido",
              "fullTitle": "Login Component Exibe erro de email inválido",
              "timedOut": null,
              "duration": 413,
              "state": "passed",
              "speed": "fast",
              "pass": true,
              "fail": false,
              "pending": false,
              "context": null,
              "code": "// Insere um email inválido e submete o formulário\ncy.get('input[name=\"email\"]').type('emailinvalido');\ncy.get('button[type=\"submit\"]').click();\n// Verifica a mensagem de erro para o campo de email\ncy.contains('Invalid email').should('be.visible');",
              "err": {},
              "uuid": "64571395-a82c-4f38-882c-2c9b608adbce",
              "parentUUID": "c49e3c58-6632-419d-863b-8b45c809aa8c",
              "isHook": false,
              "skipped": false
            },
            {
              "title": "Exibe mensagem de erro geral ao falhar no login",
              "fullTitle": "Login Component Exibe mensagem de erro geral ao falhar no login",
              "timedOut": null,
              "duration": 1021,
              "state": "passed",
              "speed": "fast",
              "pass": true,
              "fail": false,
              "pending": false,
              "context": null,
              "code": "// Insira um email e senha incorretos\ncy.get('input[name=\"email\"]').type('teste@dominio.com');\ncy.get('input[name=\"password\"]').type('senhaerrada');\n// Intercepta a requisição ao backend e força uma resposta de erro\ncy.intercept('POST', '**/authWithPassword', {\n  statusCode: 401,\n  body: {\n    message: 'Something went wrong while processing your request.'\n  }\n});\n// Submete o formulário\ncy.get('button[type=\"submit\"]').click();",
              "err": {},
              "uuid": "8bcebabd-c87c-44e6-b35d-3f5519b51f19",
              "parentUUID": "c49e3c58-6632-419d-863b-8b45c809aa8c",
              "isHook": false,
              "skipped": false
            },
            {
              "title": "Navega para a página de registro ao clicar no link",
              "fullTitle": "Login Component Navega para a página de registro ao clicar no link",
              "timedOut": null,
              "duration": 126,
              "state": "passed",
              "speed": "fast",
              "pass": true,
              "fail": false,
              "pending": false,
              "context": null,
              "code": "// Clica no link para criar uma conta\ncy.contains('Nao tem uma conta?').find('a').click();\n// Verifica se a URL foi alterada para a página de registro\ncy.url().should('include', '/register');",
              "err": {},
              "uuid": "3f042f99-d702-4155-a69e-f656b21931ee",
              "parentUUID": "c49e3c58-6632-419d-863b-8b45c809aa8c",
              "isHook": false,
              "skipped": false
            }
          ],
          "suites": [],
          "passes": [
            "55a77938-5a0c-499e-a0b2-bd38d55ff2d5",
            "37f35670-d352-43b3-b0a7-8c14549eb0de",
            "64571395-a82c-4f38-882c-2c9b608adbce",
            "8bcebabd-c87c-44e6-b35d-3f5519b51f19",
            "3f042f99-d702-4155-a69e-f656b21931ee"
          ],
          "failures": [],
          "pending": [],
          "skipped": [],
          "duration": 1875,
          "root": false,
          "rootEmpty": false,
          "_timeout": 2000
        }
      ],
      "passes": [],
      "failures": [],
      "pending": [],
      "skipped": [],
      "duration": 0,
      "root": true,
      "rootEmpty": true,
      "_timeout": 2000
    }
  ],
  "meta": {
    "mocha": {
      "version": "7.0.1"
    },
    "mochawesome": {
      "options": {
        "quiet": false,
        "reportFilename": "mochawesome",
        "saveHtml": true,
        "saveJson": true,
        "consoleReporter": "spec",
        "useInlineDiffs": false,
        "code": true
      },
      "version": "7.1.3"
    },
    "marge": {
      "options": {
        "reportDir": "cypress/reports",
        "overwrite": false,
        "html": true,
        "json": true
      },
      "version": "6.2.0"
    }
  }
}