{
  "stats": {
    "suites": 1,
    "tests": 4,
    "passes": 4,
    "pending": 0,
    "failures": 0,
    "start": "2024-11-24T02:12:47.885Z",
    "end": "2024-11-24T02:12:51.398Z",
    "duration": 3513,
    "testsRegistered": 4,
    "passPercent": 100,
    "pendingPercent": 0,
    "other": 0,
    "hasOther": false,
    "skipped": 0,
    "hasSkipped": false
  },
  "results": [
    {
      "uuid": "346fff9a-6785-40f0-befb-ca612147cf85",
      "title": "",
      "fullFile": "cypress\\e2e\\pagPrincipal.cy.js",
      "file": "cypress\\e2e\\pagPrincipal.cy.js",
      "beforeHooks": [],
      "afterHooks": [],
      "tests": [],
      "suites": [
        {
          "uuid": "87151ef1-b95a-478f-8d10-fc9a87d03c9e",
          "title": "Sidebar Component",
          "fullFile": "",
          "file": "",
          "beforeHooks": [],
          "afterHooks": [],
          "tests": [
            {
              "title": "Exibe login e registro quando o usuário não está logado",
              "fullTitle": "Sidebar Component Exibe login e registro quando o usuário não está logado",
              "timedOut": null,
              "duration": 1049,
              "state": "passed",
              "speed": "fast",
              "pass": true,
              "fail": false,
              "pending": false,
              "context": null,
              "code": "// Remove o usuário do localStorage para simular estado \"não logado\"\ncy.window().then(win => {\n  win.localStorage.removeItem('currentUser');\n  win.location.reload();\n});\n// Simula o clique para abrir a barra lateral, se necessário\ncy.get('.navbar > :nth-child(1) > .btn').click(); // Ajuste o seletor conforme o seu código\n// Garante que os elementos estão visíveis, mesmo com overflow\ncy.contains('Login').scrollIntoView().should('be.visible');\ncy.contains('Register').scrollIntoView().should('be.visible');",
              "err": {},
              "uuid": "be97633b-5bde-4f41-85a5-f890518d7af5",
              "parentUUID": "87151ef1-b95a-478f-8d10-fc9a87d03c9e",
              "isHook": false,
              "skipped": false
            },
            {
              "title": "Exibe logout e pesquisas quando o usuário está logado",
              "fullTitle": "Sidebar Component Exibe logout e pesquisas quando o usuário está logado",
              "timedOut": null,
              "duration": 1130,
              "state": "passed",
              "speed": "fast",
              "pass": true,
              "fail": false,
              "pending": false,
              "context": null,
              "code": "// Configura um usuário logado no localStorage\ncy.visit('http://localhost:4173/login/');\n// Realiza o login inserindo credenciais válidas\ncy.get('input[name=\"email\"]').type('bla@bla.com');\ncy.get('input[name=\"password\"]').type('12345678');\ncy.get('button[type=\"submit\"]').click();\ncy.url().should('not.include', '/login');\ncy.get('.navbar > :nth-child(1) > .btn').click();\n// Garante que \"Pesquisas\" está visível e não possui classes de desativação\ncy.contains('Pesquisas').scrollIntoView().should('be.visible').and('not.have.class', 'pointer-events-none');\n// Verifica que o botão de logout está visível\ncy.contains('Logout').scrollIntoView().should('be.visible');\ncy.get('.menu > :nth-child(3) > .font-bold').click();",
              "err": {},
              "uuid": "7e77136d-3a46-46c7-9e77-fb31bd62ce73",
              "parentUUID": "87151ef1-b95a-478f-8d10-fc9a87d03c9e",
              "isHook": false,
              "skipped": false
            },
            {
              "title": "Desativa o link de pesquisas quando o usuário não está logado",
              "fullTitle": "Sidebar Component Desativa o link de pesquisas quando o usuário não está logado",
              "timedOut": null,
              "duration": 125,
              "state": "passed",
              "speed": "fast",
              "pass": true,
              "fail": false,
              "pending": false,
              "context": null,
              "code": "cy.get('.navbar > :nth-child(1) > .btn').click();\n// Verifica que o link \"Pesquisas\" está desativado\ncy.contains('li', 'Pesquisas').should('exist') // Certifique-se de que o elemento está no DOM\n.scrollIntoView().should('have.class', 'pointer-events-none').and('have.class', 'disabled');",
              "err": {},
              "uuid": "83ac6161-6e9a-484b-a54b-a6aa18a401d2",
              "parentUUID": "87151ef1-b95a-478f-8d10-fc9a87d03c9e",
              "isHook": false,
              "skipped": false
            },
            {
              "title": "Despacha o evento de logout ao clicar no botão",
              "fullTitle": "Sidebar Component Despacha o evento de logout ao clicar no botão",
              "timedOut": null,
              "duration": 1125,
              "state": "passed",
              "speed": "fast",
              "pass": true,
              "fail": false,
              "pending": false,
              "context": null,
              "code": "// Configura um usuário logado no localStorage\ncy.window().then(win => {\n  win.localStorage.setItem('currentUser', JSON.stringify({\n    id: '1',\n    name: 'Test User'\n  }));\n  win.location.reload();\n});\ncy.visit('http://localhost:4173/login/');\n// Realiza o login inserindo credenciais válidas\ncy.get('input[name=\"email\"]').type('bla@bla.com');\ncy.get('input[name=\"password\"]').type('12345678');\ncy.get('button[type=\"submit\"]').click();\ncy.url().should('not.include', '/login');\ncy.get('.navbar > :nth-child(1) > .btn').click();\n// Simula o clique no botão de logout\ncy.contains('Logout').scrollIntoView().click();",
              "err": {},
              "uuid": "ea1b810f-1591-416f-9b21-91b4f8911611",
              "parentUUID": "87151ef1-b95a-478f-8d10-fc9a87d03c9e",
              "isHook": false,
              "skipped": false
            }
          ],
          "suites": [],
          "passes": [
            "be97633b-5bde-4f41-85a5-f890518d7af5",
            "7e77136d-3a46-46c7-9e77-fb31bd62ce73",
            "83ac6161-6e9a-484b-a54b-a6aa18a401d2",
            "ea1b810f-1591-416f-9b21-91b4f8911611"
          ],
          "failures": [],
          "pending": [],
          "skipped": [],
          "duration": 3429,
          "root": false,
          "rootEmpty": false,
          "_timeout": 2000
        }
      ],
      "passes": [],
      "failures": [],
      "pending": [],
      "skipped": [],
      "duration": 0,
      "root": true,
      "rootEmpty": true,
      "_timeout": 2000
    }
  ],
  "meta": {
    "mocha": {
      "version": "7.0.1"
    },
    "mochawesome": {
      "options": {
        "quiet": false,
        "reportFilename": "mochawesome",
        "saveHtml": true,
        "saveJson": true,
        "consoleReporter": "spec",
        "useInlineDiffs": false,
        "code": true
      },
      "version": "7.1.3"
    },
    "marge": {
      "options": {
        "reportDir": "cypress/reports",
        "overwrite": false,
        "html": true,
        "json": true
      },
      "version": "6.2.0"
    }
  }
}