{
  "stats": {
    "suites": 1,
    "tests": 4,
    "passes": 4,
    "pending": 0,
    "failures": 0,
    "start": "2024-11-24T02:24:15.756Z",
    "end": "2024-11-24T02:24:19.582Z",
    "duration": 3826,
    "testsRegistered": 4,
    "passPercent": 100,
    "pendingPercent": 0,
    "other": 0,
    "hasOther": false,
    "skipped": 0,
    "hasSkipped": false
  },
  "results": [
    {
      "uuid": "9060cc7b-176f-4076-90c9-b89ac2540d15",
      "title": "",
      "fullFile": "cypress\\e2e\\pagPrincipal.cy.js",
      "file": "cypress\\e2e\\pagPrincipal.cy.js",
      "beforeHooks": [],
      "afterHooks": [],
      "tests": [],
      "suites": [
        {
          "uuid": "992fc78b-0441-4f05-a912-36bf2000d86e",
          "title": "Sidebar Component",
          "fullFile": "",
          "file": "",
          "beforeHooks": [],
          "afterHooks": [],
          "tests": [
            {
              "title": "Exibe login e registro quando o usuário não está logado",
              "fullTitle": "Sidebar Component Exibe login e registro quando o usuário não está logado",
              "timedOut": null,
              "duration": 1038,
              "state": "passed",
              "speed": "fast",
              "pass": true,
              "fail": false,
              "pending": false,
              "context": null,
              "code": "// Remove o usuário do localStorage para simular estado \"não logado\"\ncy.window().then(win => {\n  win.localStorage.removeItem('currentUser');\n  win.location.reload();\n});\n// Simula o clique para abrir a barra lateral, se necessário\ncy.get('.navbar > :nth-child(1) > .btn').click(); // Ajuste o seletor conforme o seu código\n// Garante que os elementos estão visíveis, mesmo com overflow\ncy.contains('Login').scrollIntoView().should('be.visible');\ncy.contains('Register').scrollIntoView().should('be.visible');",
              "err": {},
              "uuid": "1a36bcca-c1b8-4e9f-8d3c-9a018da6f177",
              "parentUUID": "992fc78b-0441-4f05-a912-36bf2000d86e",
              "isHook": false,
              "skipped": false
            },
            {
              "title": "Exibe logout e pesquisas quando o usuário está logado",
              "fullTitle": "Sidebar Component Exibe logout e pesquisas quando o usuário está logado",
              "timedOut": null,
              "duration": 1124,
              "state": "passed",
              "speed": "fast",
              "pass": true,
              "fail": false,
              "pending": false,
              "context": null,
              "code": "// Configura um usuário logado no localStorage\ncy.visit('http://localhost:4173/login/');\n// Realiza o login inserindo credenciais válidas\ncy.get('input[name=\"email\"]').type('bla@bla.com');\ncy.get('input[name=\"password\"]').type('12345678');\ncy.get('button[type=\"submit\"]').click();\ncy.url().should('not.include', '/login');\ncy.get('.navbar > :nth-child(1) > .btn').click();\n// Garante que \"Pesquisas\" está visível e não possui classes de desativação\ncy.contains('Pesquisas').scrollIntoView().should('be.visible').and('not.have.class', 'pointer-events-none');\n// Verifica que o botão de logout está visível\ncy.contains('Logout').scrollIntoView().should('be.visible');\ncy.get('.menu > :nth-child(3) > .font-bold').click();",
              "err": {},
              "uuid": "ca4280fa-5300-4ed2-b3bb-36dd4acef2dd",
              "parentUUID": "992fc78b-0441-4f05-a912-36bf2000d86e",
              "isHook": false,
              "skipped": false
            },
            {
              "title": "Desativa o link de pesquisas quando o usuário não está logado",
              "fullTitle": "Sidebar Component Desativa o link de pesquisas quando o usuário não está logado",
              "timedOut": null,
              "duration": 126,
              "state": "passed",
              "speed": "fast",
              "pass": true,
              "fail": false,
              "pending": false,
              "context": null,
              "code": "cy.get('.navbar > :nth-child(1) > .btn').click();\n// Verifica que o link \"Pesquisas\" está desativado\ncy.contains('li', 'Pesquisas').should('exist') // Certifique-se de que o elemento está no DOM\n.scrollIntoView().should('have.class', 'pointer-events-none').and('have.class', 'disabled');",
              "err": {},
              "uuid": "f1110ecd-3713-484c-b9c7-49cae21a3abd",
              "parentUUID": "992fc78b-0441-4f05-a912-36bf2000d86e",
              "isHook": false,
              "skipped": false
            },
            {
              "title": "Despacha o evento de logout ao clicar no botão",
              "fullTitle": "Sidebar Component Despacha o evento de logout ao clicar no botão",
              "timedOut": null,
              "duration": 1451,
              "state": "passed",
              "speed": "fast",
              "pass": true,
              "fail": false,
              "pending": false,
              "context": null,
              "code": "// Configura um usuário logado no localStorage\ncy.window().then(win => {\n  win.localStorage.setItem('currentUser', JSON.stringify({\n    id: '1',\n    name: 'Test User'\n  }));\n  win.location.reload();\n});\ncy.visit('http://localhost:4173/login/');\n// Realiza o login inserindo credenciais válidas\ncy.get('input[name=\"email\"]').type('bla@bla.com');\ncy.get('input[name=\"password\"]').type('12345678');\ncy.get('button[type=\"submit\"]').click();\ncy.url().should('not.include', '/login');\ncy.get('.navbar > :nth-child(1) > .btn').click();\n// Simula o clique no botão de logout\ncy.contains('Logout').scrollIntoView().click();",
              "err": {},
              "uuid": "27c7b1cc-f1b9-49b9-9c7d-89b69ae51f23",
              "parentUUID": "992fc78b-0441-4f05-a912-36bf2000d86e",
              "isHook": false,
              "skipped": false
            }
          ],
          "suites": [],
          "passes": [
            "1a36bcca-c1b8-4e9f-8d3c-9a018da6f177",
            "ca4280fa-5300-4ed2-b3bb-36dd4acef2dd",
            "f1110ecd-3713-484c-b9c7-49cae21a3abd",
            "27c7b1cc-f1b9-49b9-9c7d-89b69ae51f23"
          ],
          "failures": [],
          "pending": [],
          "skipped": [],
          "duration": 3739,
          "root": false,
          "rootEmpty": false,
          "_timeout": 2000
        }
      ],
      "passes": [],
      "failures": [],
      "pending": [],
      "skipped": [],
      "duration": 0,
      "root": true,
      "rootEmpty": true,
      "_timeout": 2000
    }
  ],
  "meta": {
    "mocha": {
      "version": "7.0.1"
    },
    "mochawesome": {
      "options": {
        "quiet": false,
        "reportFilename": "mochawesome",
        "saveHtml": true,
        "saveJson": true,
        "consoleReporter": "spec",
        "useInlineDiffs": false,
        "code": true
      },
      "version": "7.1.3"
    },
    "marge": {
      "options": {
        "reportDir": "cypress/reports",
        "overwrite": false,
        "html": true,
        "json": true
      },
      "version": "6.2.0"
    }
  }
}