{
  "stats": {
    "suites": 1,
    "tests": 4,
    "passes": 4,
    "pending": 0,
    "failures": 0,
    "start": "2024-11-24T02:19:12.980Z",
    "end": "2024-11-24T02:19:16.486Z",
    "duration": 3506,
    "testsRegistered": 4,
    "passPercent": 100,
    "pendingPercent": 0,
    "other": 0,
    "hasOther": false,
    "skipped": 0,
    "hasSkipped": false
  },
  "results": [
    {
      "uuid": "48e536ba-fc93-407b-9ddd-562a80e5d266",
      "title": "",
      "fullFile": "cypress\\e2e\\pagPrincipal.cy.js",
      "file": "cypress\\e2e\\pagPrincipal.cy.js",
      "beforeHooks": [],
      "afterHooks": [],
      "tests": [],
      "suites": [
        {
          "uuid": "7df8dd1a-b691-40bd-8fac-97098a2b43fd",
          "title": "Sidebar Component",
          "fullFile": "",
          "file": "",
          "beforeHooks": [],
          "afterHooks": [],
          "tests": [
            {
              "title": "Exibe login e registro quando o usuário não está logado",
              "fullTitle": "Sidebar Component Exibe login e registro quando o usuário não está logado",
              "timedOut": null,
              "duration": 1019,
              "state": "passed",
              "speed": "fast",
              "pass": true,
              "fail": false,
              "pending": false,
              "context": null,
              "code": "// Remove o usuário do localStorage para simular estado \"não logado\"\ncy.window().then(win => {\n  win.localStorage.removeItem('currentUser');\n  win.location.reload();\n});\n// Simula o clique para abrir a barra lateral, se necessário\ncy.get('.navbar > :nth-child(1) > .btn').click(); // Ajuste o seletor conforme o seu código\n// Garante que os elementos estão visíveis, mesmo com overflow\ncy.contains('Login').scrollIntoView().should('be.visible');\ncy.contains('Register').scrollIntoView().should('be.visible');",
              "err": {},
              "uuid": "9906b788-6d6c-4e3b-b848-f3ee96592c2b",
              "parentUUID": "7df8dd1a-b691-40bd-8fac-97098a2b43fd",
              "isHook": false,
              "skipped": false
            },
            {
              "title": "Exibe logout e pesquisas quando o usuário está logado",
              "fullTitle": "Sidebar Component Exibe logout e pesquisas quando o usuário está logado",
              "timedOut": null,
              "duration": 1166,
              "state": "passed",
              "speed": "fast",
              "pass": true,
              "fail": false,
              "pending": false,
              "context": null,
              "code": "// Configura um usuário logado no localStorage\ncy.visit('http://localhost:4173/login/');\n// Realiza o login inserindo credenciais válidas\ncy.get('input[name=\"email\"]').type('bla@bla.com');\ncy.get('input[name=\"password\"]').type('12345678');\ncy.get('button[type=\"submit\"]').click();\ncy.url().should('not.include', '/login');\ncy.get('.navbar > :nth-child(1) > .btn').click();\n// Garante que \"Pesquisas\" está visível e não possui classes de desativação\ncy.contains('Pesquisas').scrollIntoView().should('be.visible').and('not.have.class', 'pointer-events-none');\n// Verifica que o botão de logout está visível\ncy.contains('Logout').scrollIntoView().should('be.visible');\ncy.get('.menu > :nth-child(3) > .font-bold').click();",
              "err": {},
              "uuid": "9e2d2c03-14bc-477d-9e16-53d6099dc54c",
              "parentUUID": "7df8dd1a-b691-40bd-8fac-97098a2b43fd",
              "isHook": false,
              "skipped": false
            },
            {
              "title": "Desativa o link de pesquisas quando o usuário não está logado",
              "fullTitle": "Sidebar Component Desativa o link de pesquisas quando o usuário não está logado",
              "timedOut": null,
              "duration": 118,
              "state": "passed",
              "speed": "fast",
              "pass": true,
              "fail": false,
              "pending": false,
              "context": null,
              "code": "cy.get('.navbar > :nth-child(1) > .btn').click();\n// Verifica que o link \"Pesquisas\" está desativado\ncy.contains('li', 'Pesquisas').should('exist') // Certifique-se de que o elemento está no DOM\n.scrollIntoView().should('have.class', 'pointer-events-none').and('have.class', 'disabled');",
              "err": {},
              "uuid": "a8da0a61-05cf-46b7-bd47-b5d9f6d22242",
              "parentUUID": "7df8dd1a-b691-40bd-8fac-97098a2b43fd",
              "isHook": false,
              "skipped": false
            },
            {
              "title": "Despacha o evento de logout ao clicar no botão",
              "fullTitle": "Sidebar Component Despacha o evento de logout ao clicar no botão",
              "timedOut": null,
              "duration": 1114,
              "state": "passed",
              "speed": "fast",
              "pass": true,
              "fail": false,
              "pending": false,
              "context": null,
              "code": "// Configura um usuário logado no localStorage\ncy.window().then(win => {\n  win.localStorage.setItem('currentUser', JSON.stringify({\n    id: '1',\n    name: 'Test User'\n  }));\n  win.location.reload();\n});\ncy.visit('http://localhost:4173/login/');\n// Realiza o login inserindo credenciais válidas\ncy.get('input[name=\"email\"]').type('bla@bla.com');\ncy.get('input[name=\"password\"]').type('12345678');\ncy.get('button[type=\"submit\"]').click();\ncy.url().should('not.include', '/login');\ncy.get('.navbar > :nth-child(1) > .btn').click();\n// Simula o clique no botão de logout\ncy.contains('Logout').scrollIntoView().click();",
              "err": {},
              "uuid": "5f15e565-fe91-4ba8-9a12-bd88a0a4fd50",
              "parentUUID": "7df8dd1a-b691-40bd-8fac-97098a2b43fd",
              "isHook": false,
              "skipped": false
            }
          ],
          "suites": [],
          "passes": [
            "9906b788-6d6c-4e3b-b848-f3ee96592c2b",
            "9e2d2c03-14bc-477d-9e16-53d6099dc54c",
            "a8da0a61-05cf-46b7-bd47-b5d9f6d22242",
            "5f15e565-fe91-4ba8-9a12-bd88a0a4fd50"
          ],
          "failures": [],
          "pending": [],
          "skipped": [],
          "duration": 3417,
          "root": false,
          "rootEmpty": false,
          "_timeout": 2000
        }
      ],
      "passes": [],
      "failures": [],
      "pending": [],
      "skipped": [],
      "duration": 0,
      "root": true,
      "rootEmpty": true,
      "_timeout": 2000
    }
  ],
  "meta": {
    "mocha": {
      "version": "7.0.1"
    },
    "mochawesome": {
      "options": {
        "quiet": false,
        "reportFilename": "mochawesome",
        "saveHtml": true,
        "saveJson": true,
        "consoleReporter": "spec",
        "useInlineDiffs": false,
        "code": true
      },
      "version": "7.1.3"
    },
    "marge": {
      "options": {
        "reportDir": "cypress/reports",
        "overwrite": false,
        "html": true,
        "json": true
      },
      "version": "6.2.0"
    }
  }
}